This is pdfTeX, Version 3.1415926-2.5-1.40.14 (TeX Live 2013/Debian) (format=pdflatex 2015.9.13)  18 NOV 2015 17:31
entering extended mode
 restricted \write18 enabled.
 %&-line parsing enabled.
**Proyecto.tex
(./Proyecto.tex
LaTeX2e <2011/06/27>
Babel <3.9h> and hyphenation patterns for 4 languages loaded.
(./pnastwo.cls


 Two Column Journal Style for the
 Proceedings of the National Academy of Science 
 Written by Amy Hendrickson, TeXnology, Inc., 9/04
 
 This version is dated October 04, 2013


Document Class: pnastwo 
\affilcount=\count79
\saveaffilcount=\count80
\c@fnaffilcount=\count81
\c@part=\count82
\c@section=\count83
\c@subsection=\count84
\c@subsubsection=\count85
\c@paragraph=\count86
\c@subparagraph=\count87
\c@figure=\count88
\c@table=\count89
\abovecaptionskip=\skip41
\belowcaptionskip=\skip42
\bibindent=\dimen102
\bibskip=\skip43
\c@cms=\count90
\footnum=\count91
\savefootnum=\count92
\abovefigcaptionskip=\skip44
\abovetabcaptionskip=\skip45
\abovetableskip=\skip46
\belowtabcaptionskip=\dimen103
\saveparskip=\dimen104
\captionskip=\dimen105
\PushOneColTopFig=\dimen106
\PushOneColBotFig=\dimen107
\PushOneColTopTab=\dimen108
\PushOneColBotTab=\dimen109
\PushTwoColTopFig=\dimen110
\PushTwoColBotFig=\dimen111
\PushTwoColTopTab=\dimen112
\PushTwoColBotTab=\dimen113
\intextfloatskip=\skip47
\c@appfigure=\count93
\c@apptable=\count94
\c@appplate=\count95
\checkforspace=\dimen114
\savetopinsert=\box26
\savebotinsert=\box27
\secondsavetopinsert=\box28
\secondsavebotinsert=\box29
\firstcolbox=\box30
\secondcolbox=\box31
\thefirstbox=\box32
\thesecondbox=\box33
\firstcol=\dimen115
\secondcol=\dimen116
\checkheight=\dimen117
\loopnum=\count96
\firstcolsavefignum=\count97
\footnotebox=\box34
\ColUsed=\dimen118
\FigSpace=\dimen119
\testdblbotins=\box35
\pageloopnum=\count98
\endcolsavetopinsert=\box36
\endcolsavebotinsert=\box37
\testpagesize=\box38
\savelastskip=\dimen120
\partialpage=\box39
\figandtabnumber=\count99
\figandtabbox=\box40
\pagefloatnumber=\count100
\sizeoffloat=\box41
\bogus=\count101
\figinsert=\insert233
\herebox=\box42
\endfigbox=\box43
\spanbox=\box44
\dbltopins=\box45
\dblbotins=\box46
\dblbotskip=\skip48
\dblfigandtabnumber=\count102
\dblfigandtabbox=\box47
\dblloopnum=\count103
\savedblfigandtabnumber=\count104
\dblspanherebox=\box48
(/usr/share/texlive/texmf-dist/tex/latex/graphics/graphicx.sty
Package: graphicx 1999/02/16 v1.0f Enhanced LaTeX Graphics (DPC,SPQR)

(/usr/share/texlive/texmf-dist/tex/latex/graphics/keyval.sty
Package: keyval 1999/03/16 v1.13 key=value parser (DPC)
\KV@toks@=\toks14
)
(/usr/share/texlive/texmf-dist/tex/latex/graphics/graphics.sty
Package: graphics 2009/02/05 v1.0o Standard LaTeX Graphics (DPC,SPQR)

(/usr/share/texlive/texmf-dist/tex/latex/graphics/trig.sty
Package: trig 1999/03/16 v1.09 sin cos tan (DPC)
)
(/usr/share/texlive/texmf-dist/tex/latex/latexconfig/graphics.cfg
File: graphics.cfg 2010/04/23 v1.9 graphics configuration of TeX Live
)
Package graphics Info: Driver file: pdftex.def on input line 91.

(/usr/share/texlive/texmf-dist/tex/latex/pdftex-def/pdftex.def
File: pdftex.def 2011/05/27 v0.06d Graphics/color for pdfTeX

(/usr/share/texlive/texmf-dist/tex/generic/oberdiek/infwarerr.sty
Package: infwarerr 2010/04/08 v1.3 Providing info/warning/error messages (HO)
)
(/usr/share/texlive/texmf-dist/tex/generic/oberdiek/ltxcmds.sty
Package: ltxcmds 2011/11/09 v1.22 LaTeX kernel commands for general use (HO)
)
\Gread@gobject=\count105
))
\Gin@req@height=\dimen121
\Gin@req@width=\dimen122
)
(/usr/share/texlive/texmf-dist/tex/latex/oberdiek/epstopdf.sty
Package: epstopdf 2010/02/09 v2.5 Conversion with epstopdf on the fly (HO)

(/usr/share/texlive/texmf-dist/tex/latex/oberdiek/epstopdf-base.sty
Package: epstopdf-base 2010/02/09 v2.5 Base part for package epstopdf

(/usr/share/texlive/texmf-dist/tex/latex/oberdiek/grfext.sty
Package: grfext 2010/08/19 v1.1 Manage graphics extensions (HO)

(/usr/share/texlive/texmf-dist/tex/generic/oberdiek/kvdefinekeys.sty
Package: kvdefinekeys 2011/04/07 v1.3 Define keys (HO)
))
(/usr/share/texlive/texmf-dist/tex/latex/oberdiek/kvoptions.sty
Package: kvoptions 2011/06/30 v3.11 Key value format for package options (HO)

(/usr/share/texlive/texmf-dist/tex/generic/oberdiek/kvsetkeys.sty
Package: kvsetkeys 2012/04/25 v1.16 Key value parser (HO)

(/usr/share/texlive/texmf-dist/tex/generic/oberdiek/etexcmds.sty
Package: etexcmds 2011/02/16 v1.5 Avoid name clashes with e-TeX commands (HO)

(/usr/share/texlive/texmf-dist/tex/generic/oberdiek/ifluatex.sty
Package: ifluatex 2010/03/01 v1.3 Provides the ifluatex switch (HO)
Package ifluatex Info: LuaTeX not detected.
)
Package etexcmds Info: Could not find \expanded.
(etexcmds)             That can mean that you are not using pdfTeX 1.50 or
(etexcmds)             that some package has redefined \expanded.
(etexcmds)             In the latter case, load this package earlier.
)))
(/usr/share/texlive/texmf-dist/tex/generic/oberdiek/pdftexcmds.sty
Package: pdftexcmds 2011/11/29 v0.20 Utility functions of pdfTeX for LuaTeX (HO
)

(/usr/share/texlive/texmf-dist/tex/generic/oberdiek/ifpdf.sty
Package: ifpdf 2011/01/30 v2.3 Provides the ifpdf switch (HO)
Package ifpdf Info: pdfTeX in PDF mode is detected.
)
Package pdftexcmds Info: LuaTeX not detected.
Package pdftexcmds Info: \pdf@primitive is available.
Package pdftexcmds Info: \pdf@ifprimitive is available.
Package pdftexcmds Info: \pdfdraftmode found.
)
Package grfext Info: Graphics extension search list:
(grfext)             [.png,.pdf,.jpg,.mps,.jpeg,.jbig2,.jb2,.PNG,.PDF,.JPG,.JPE
G,.JBIG2,.JB2,.eps]
(grfext)             \AppendGraphicsExtensions on input line 452.

(/usr/share/texlive/texmf-dist/tex/latex/latexconfig/epstopdf-sys.cfg
File: epstopdf-sys.cfg 2010/07/13 v1.3 Configuration of (r)epstopdf for TeX Liv
e
)))
(/usr/share/texlive/texmf-dist/tex/latex/amsfonts/amssymb.sty
Package: amssymb 2013/01/14 v3.01 AMS font symbols

(/usr/share/texlive/texmf-dist/tex/latex/amsfonts/amsfonts.sty
Package: amsfonts 2013/01/14 v3.01 Basic AMSFonts support
\@emptytoks=\toks15
\symAMSa=\mathgroup4
\symAMSb=\mathgroup5
LaTeX Font Info:    Overwriting math alphabet `\mathfrak' in version `bold'
(Font)                  U/euf/m/n --> U/euf/b/n on input line 106.
))
(/usr/share/texlive/texmf-dist/tex/latex/amsmath/amsmath.sty
Package: amsmath 2013/01/14 v2.14 AMS math features
\@mathmargin=\skip49

For additional information on amsmath, use the `?' option.
(/usr/share/texlive/texmf-dist/tex/latex/amsmath/amstext.sty
Package: amstext 2000/06/29 v2.01

(/usr/share/texlive/texmf-dist/tex/latex/amsmath/amsgen.sty
File: amsgen.sty 1999/11/30 v2.0
\@emptytoks=\toks16
\ex@=\dimen123
))
(/usr/share/texlive/texmf-dist/tex/latex/amsmath/amsbsy.sty
Package: amsbsy 1999/11/29 v1.2d
\pmbraise@=\dimen124
)
(/usr/share/texlive/texmf-dist/tex/latex/amsmath/amsopn.sty
Package: amsopn 1999/12/14 v2.01 operator names
)
\inf@bad=\count106
LaTeX Info: Redefining \frac on input line 210.
\uproot@=\count107
\leftroot@=\count108
LaTeX Info: Redefining \overline on input line 306.
\classnum@=\count109
\DOTSCASE@=\count110
LaTeX Info: Redefining \ldots on input line 378.
LaTeX Info: Redefining \dots on input line 381.
LaTeX Info: Redefining \cdots on input line 466.
\Mathstrutbox@=\box49
\strutbox@=\box50
\big@size=\dimen125
LaTeX Font Info:    Redeclaring font encoding OML on input line 566.
LaTeX Font Info:    Redeclaring font encoding OMS on input line 567.
\macc@depth=\count111
\c@MaxMatrixCols=\count112
\dotsspace@=\muskip10
\c@parentequation=\count113
\dspbrk@lvl=\count114
\tag@help=\toks17
\row@=\count115
\column@=\count116
\maxfields@=\count117
\andhelp@=\toks18
\eqnshift@=\dimen126
\alignsep@=\dimen127
\tagshift@=\dimen128
\tagwidth@=\dimen129
\totwidth@=\dimen130
\lineht@=\dimen131
\@envbody=\toks19
\multlinegap=\skip50
\multlinetaggap=\skip51
\mathdisplay@stack=\toks20
LaTeX Info: Redefining \[ on input line 2665.
LaTeX Info: Redefining \] on input line 2666.
)
(/usr/share/texmf/tex/latex/xcolor/xcolor.sty
Package: xcolor 2007/01/21 v2.11 LaTeX color extensions (UK)

(/usr/share/texlive/texmf-dist/tex/latex/latexconfig/color.cfg
File: color.cfg 2007/01/18 v1.5 color configuration of teTeX/TeXLive
)
Package xcolor Info: Package option `usenames' ignored on input line 216.
Package xcolor Info: Driver file: pdftex.def on input line 225.
Package xcolor Info: Model `cmy' substituted by `cmy0' on input line 1337.
Package xcolor Info: Model `hsb' substituted by `rgb' on input line 1341.
Package xcolor Info: Model `RGB' extended on input line 1353.
Package xcolor Info: Model `HTML' substituted by `rgb' on input line 1355.
Package xcolor Info: Model `Hsb' substituted by `hsb' on input line 1356.
Package xcolor Info: Model `tHsb' substituted by `hsb' on input line 1357.
Package xcolor Info: Model `HSB' substituted by `hsb' on input line 1358.
Package xcolor Info: Model `Gray' substituted by `gray' on input line 1359.
Package xcolor Info: Model `wave' substituted by `hsb' on input line 1360.
)
\captionwidth=\dimen132
\widecaptionwidth=\dimen133
\tablenoteloopnum=\count118
\tablenotenum=\count119
\c@theorem=\count120
\c@lemma=\count121
\c@definition=\count122
\c@claim=\count123
\c@alemma=\count124
\c@remark=\count125
\tablewide=\box51
)
(/usr/share/texlive/texmf-dist/tex/latex/listings/listings.sty
\lst@mode=\count126
\lst@gtempboxa=\box52
\lst@token=\toks21
\lst@length=\count127
\lst@currlwidth=\dimen134
\lst@column=\count128
\lst@pos=\count129
\lst@lostspace=\dimen135
\lst@width=\dimen136
\lst@newlines=\count130
\lst@lineno=\count131
\lst@maxwidth=\dimen137

(/usr/share/texlive/texmf-dist/tex/latex/listings/lstmisc.sty
File: lstmisc.sty 2013/08/26 1.5b (Carsten Heinz)
\c@lstnumber=\count132
\lst@skipnumbers=\count133
\lst@framebox=\box53
)
(/usr/share/texlive/texmf-dist/tex/latex/listings/listings.cfg
File: listings.cfg 2013/08/26 1.5b listings configuration
))
Package: listings 2013/08/26 1.5b (Carsten Heinz)

(/usr/share/texlive/texmf-dist/tex/latex/etoolbox/etoolbox.sty
Package: etoolbox 2011/01/03 v2.1 e-TeX tools for LaTeX

(/usr/share/texlive/texmf-dist/tex/latex/etex-pkg/etex.sty
Package: etex 1998/03/26 v2.0 eTeX basic definition package (PEB)
\et@xins=\count134
)
\etb@tempcnta=\count135
) (./Proyecto.aux)
\openout1 = `Proyecto.aux'.

LaTeX Font Info:    Checking defaults for OML/cmm/m/it on input line 124.
LaTeX Font Info:    ... okay on input line 124.
LaTeX Font Info:    Checking defaults for T1/cmr/m/n on input line 124.
LaTeX Font Info:    ... okay on input line 124.
LaTeX Font Info:    Checking defaults for OT1/cmr/m/n on input line 124.
LaTeX Font Info:    ... okay on input line 124.
LaTeX Font Info:    Checking defaults for OMS/cmsy/m/n on input line 124.
LaTeX Font Info:    ... okay on input line 124.
LaTeX Font Info:    Checking defaults for OMX/cmex/m/n on input line 124.
LaTeX Font Info:    ... okay on input line 124.
LaTeX Font Info:    Checking defaults for U/cmr/m/n on input line 124.
LaTeX Font Info:    ... okay on input line 124.

(/usr/share/texlive/texmf-dist/tex/latex/crop/crop.sty
Package: crop 2003/05/20 v1.9 crop marks (mf)
\stockwidth=\dimen138
\stockheight=\dimen139
\CROP@index=\count136
Package crop Info: requested driver: `' on input line 123.
Package crop Info: detected driver: `pdftex' on input line 123.
\CROP@offset=\count137
Package crop Info: using `pdftex' graphics driver on input line 607.
)
(/usr/share/texlive/texmf-dist/tex/context/base/supp-pdf.mkii
[Loading MPS to PDF converter (version 2006.09.02).]
\scratchcounter=\count138
\scratchdimen=\dimen140
\scratchbox=\box54
\nofMPsegments=\count139
\nofMParguments=\count140
\everyMPshowfont=\toks22
\MPscratchCnt=\count141
\MPscratchDim=\dimen141
\MPnumerator=\count142
\makeMPintoPDFobject=\count143
\everyMPtoPDFconversion=\toks23
)
\c@lstlisting=\count144
LaTeX Font Info:    Try loading font information for U+msa on input line 170.
 (/usr/share/texlive/texmf-dist/tex/latex/amsfonts/umsa.fd
File: umsa.fd 2013/01/14 v3.01 AMS symbols A
)
LaTeX Font Info:    Try loading font information for U+msb on input line 170.

(/usr/share/texlive/texmf-dist/tex/latex/amsfonts/umsb.fd
File: umsb.fd 2013/01/14 v3.01 AMS symbols B
)
Missing character: There is no Ã in font cmssbx10!
Missing character: There is no ­ in font cmssbx10!
Missing character: There is no Ã in font cmssbx10!
Missing character: There is no © in font cmssbx10!
Missing character: There is no Ã in font cmssbx10!
Missing character: There is no ³ in font cmssbx10!
Missing character: There is no Ã in font cmssbx10!
Missing character: There is no © in font cmssbx10!
Missing character: There is no Ã in font cmssbx10!
Missing character: There is no ¡ in font cmssbx10!
Missing character: There is no Ã in font cmssbx10!
Missing character: There is no ³ in font cmssbx10!
Missing character: There is no Ã in font cmssbx10!
Missing character: There is no ³ in font cmssbx10!
Missing character: There is no Ã in font cmssbx10!
Missing character: There is no ¡ in font cmssbx10!
Missing character: There is no Ã in font cmssbx10!
Missing character: There is no ³ in font cmssbx10!
Missing character: There is no Ã in font cmssbx10!
Missing character: There is no ³ in font cmssbx10!
Missing character: There is no Ã in font cmssbx10!
Missing character: There is no ¡ in font cmssbx10!
Missing character: There is no Ã in font cmssbx10!
Missing character: There is no ­ in font cmssbx10!
Missing character: There is no Ã in font cmr9!
Missing character: There is no ³ in font cmr9!
Missing character: There is no Ã in font cmr9!
Missing character: There is no ³ in font cmr9!
Missing character: There is no Ã in font cmr9!
Missing character: There is no ­ in font cmr9!
Missing character: There is no Ã in font cmr9!
Missing character: There is no ³ in font cmr9!

Underfull \hbox (badness 10000) in paragraph at lines 207--209

 []

Missing character: There is no Ã in font cmr9!
Missing character: There is no ³ in font cmr9!
Missing character: There is no Ã in font cmr9!
Missing character: There is no ³ in font cmr9!
Missing character: There is no Ã in font cmr9!
Missing character: There is no ³ in font cmr9!
Missing character: There is no Ã in font cmr9!
Missing character: There is no ³ in font cmr9!
Missing character: There is no Ã in font cmr9!
Missing character: There is no ³ in font cmr9!
Missing character: There is no Ã in font cmr9!
Missing character: There is no ³ in font cmr9!
Missing character: There is no Ã in font cmr9!
Missing character: There is no ³ in font cmr9!
Missing character: There is no Ã in font cmr9!
Missing character: There is no ­ in font cmr9!
Missing character: There is no Ã in font cmr9!
Missing character: There is no ³ in font cmr9!

Underfull \hbox (badness 10000) in paragraph at lines 214--216

 []

Missing character: There is no Ã in font cmr9!
Missing character: There is no ³ in font cmr9!
Missing character: There is no Ã in font cmr9!
Missing character: There is no ¡ in font cmr9!

Underfull \hbox (badness 10000) in paragraph at lines 219--220

 []

Missing character: There is no Ã in font cmr9!
Missing character: There is no ³ in font cmr9!
Missing character: There is no Ã in font cmr9!
Missing character: There is no ³ in font cmr9!

Underfull \hbox (badness 10000) in paragraph at lines 224--225

 []

Missing character: There is no Ã in font cmr9!
Missing character: There is no ³ in font cmr9!
(/usr/share/texlive/texmf-dist/tex/latex/listings/lstlang1.sty
File: lstlang1.sty 2013/08/26 1.5b listings language file
)
(/usr/share/texlive/texmf-dist/tex/latex/listings/lstlang2.sty
File: lstlang2.sty 2013/08/26 1.5b listings language file
)
(/usr/share/texlive/texmf-dist/tex/latex/listings/lstlang3.sty
File: lstlang3.sty 2013/08/26 1.5b listings language file
)
LaTeX Font Info:    Try loading font information for OML+cmr on input line 231.


(/usr/share/texlive/texmf-dist/tex/latex/base/omlcmr.fd
File: omlcmr.fd 1999/05/25 v2.5h Standard LaTeX font definitions
)
LaTeX Font Info:    Font shape `OML/cmr/bx/n' in size <9> not available
(Font)              Font shape `OML/cmm/b/it' tried instead on input line 231.
LaTeX Font Info:    Try loading font information for OMS+cmr on input line 234.


(/usr/share/texlive/texmf-dist/tex/latex/base/omscmr.fd
File: omscmr.fd 1999/05/25 v2.5h Standard LaTeX font definitions
)
LaTeX Font Info:    Font shape `OMS/cmr/bx/n' in size <9> not available
(Font)              Font shape `OMS/cmsy/b/n' tried instead on input line 234.
LaTeX Font Info:    Font shape `OMS/cmr/m/n' in size <9> not available
(Font)              Font shape `OMS/cmsy/m/n' tried instead on input line 239.
LaTeX Font Info:    Font shape `OML/cmr/m/n' in size <9> not available
(Font)              Font shape `OML/cmm/m/it' tried instead on input line 239.
Missing character: There is no Ã in font cmr9!
Missing character: There is no ³ in font cmr9!

Underfull \hbox (badness 10000) in paragraph at lines 242--243

 []

Missing character: There is no Ã in font cmr9!
Missing character: There is no ³ in font cmr9!
Missing character: There is no Ã in font cmr9!
Missing character: There is no ¡ in font cmr9!
Missing character: There is no Ã in font cmr9!
Missing character: There is no ³ in font cmr9!
Missing character: There is no Ã in font cmr9!
Missing character: There is no ³ in font cmr9!

Underfull \hbox (badness 10000) in paragraph at lines 246--247

 []


Package Listings Warning: Text dropped after begin of listing on input line 250
.

Missing character: There is no Ã in font cmr9!
Missing character: There is no ³ in font cmr9!
Missing character: There is no Ã in font cmr9!
Missing character: There is no © in font cmr9!

Underfull \hbox (badness 10000) in paragraph at lines 255--256

 []

Missing character: There is no Ã in font cmr9!
Missing character: There is no ³ in font cmr9!

Underfull \hbox (badness 10000) in paragraph at lines 260--261

 []

Missing character: There is no Ã in font cmr9!
Missing character: There is no ³ in font cmr9!

Underfull \hbox (badness 10000) in paragraph at lines 280--282

 []

(/usr/share/texlive/texmf-dist/tex/latex/listings/lstlang1.sty
File: lstlang1.sty 2013/08/26 1.5b listings language file
)
(/usr/share/texlive/texmf-dist/tex/latex/listings/lstlang2.sty
File: lstlang2.sty 2013/08/26 1.5b listings language file
)

Package Listings Warning: Text dropped after begin of listing on input line 285
.

[1{/var/lib/texmf/fonts/map/pdftex/updmap/pdftex.map}

]
Underfull \hbox (badness 10000) in paragraph at lines 297--298

 []

Missing character: There is no Ã in font cmr9!
Missing character: There is no ³ in font cmr9!

Underfull \hbox (badness 10000) in paragraph at lines 305--307

 []

(/usr/share/texlive/texmf-dist/tex/latex/listings/lstlang1.sty
File: lstlang1.sty 2013/08/26 1.5b listings language file
)
(/usr/share/texlive/texmf-dist/tex/latex/listings/lstmisc.sty
File: lstmisc.sty 2013/08/26 1.5b (Carsten Heinz)
)
Underfull \hbox (badness 10000) in paragraph at lines 314--315

 []

[2] (./Proyecto.aux) ) 
Here is how much of TeX's memory you used:
 5429 strings out of 494985
 71176 string characters out of 6180356
 199468 words of memory out of 5000000
 8561 multiletter control sequences out of 15000+600000
 14344 words of font info for 52 fonts, out of 8000000 for 9000
 36 hyphenation exceptions out of 8191
 49i,11n,49p,810b,1352s stack positions out of 5000i,500n,10000p,200000b,80000s
</usr/share/texlive/texmf-dist/fonts/type1/public/amsfont
s/cmextra/cmbsy9.pfb></usr/share/texlive/texmf-dist/fonts/type1/public/amsfonts
/cm/cmbx9.pfb></usr/share/texlive/texmf-dist/fonts/type1/public/amsfonts/cm/cmm
i9.pfb></usr/share/texlive/texmf-dist/fonts/type1/public/amsfonts/cmextra/cmmib
9.pfb></usr/share/texlive/texmf-dist/fonts/type1/public/amsfonts/cm/cmr9.pfb></
usr/share/texlive/texmf-dist/fonts/type1/public/amsfonts/cm/cmss10.pfb></usr/sh
are/texlive/texmf-dist/fonts/type1/public/amsfonts/cm/cmssbx10.pfb></usr/share/
texlive/texmf-dist/fonts/type1/public/amsfonts/cm/cmssi10.pfb></usr/share/texli
ve/texmf-dist/fonts/type1/public/amsfonts/cm/cmsy5.pfb></usr/share/texlive/texm
f-dist/fonts/type1/public/amsfonts/cm/cmsy6.pfb></usr/share/texlive/texmf-dist/
fonts/type1/public/amsfonts/cm/cmsy9.pfb></usr/share/texlive/texmf-dist/fonts/t
ype1/public/amsfonts/latxfont/lcircle1.pfb>
Output written on Proyecto.pdf (2 pages, 117063 bytes).
PDF statistics:
 59 PDF objects out of 1000 (max. 8388607)
 42 compressed objects within 1 object stream
 0 named destinations out of 1000 (max. 500000)
 1 words of extra memory for PDF output out of 10000 (max. 10000000)

